# JRE version: Java(TM) SE Runtime Environment (19.0.1+10) (build 19.0.1+10-21)
# Java VM: Java HotSpot(TM) 64-Bit Server VM (19.0.1+10-21, mixed mode, sharing, tiered, compressed oops, compressed class ptrs, g1 gc, windows-amd64)
GC Precious Log:
 CardTable entry size: 512
 Card Set container configuration: InlinePtr #cards 4 size 8 Array Of Cards #cards 16 size 48 Howl #buckets 8 coarsen threshold 3686 Howl Bitmap #cards 512 size 80 coarsen threshold 460 Card regions per heap region 1 cards per card region 4096
 CPUs: 8 total, 8 available
 Memory: 7941M
 Large Page Support: Disabled
 NUMA Support: Disabled
 Compressed Oops: Enabled (Zero based)
 Heap Region Size: 2M
 Heap Min Capacity: 8M
 Heap Initial Capacity: 126M
 Heap Max Capacity: 4G
 Pre-touch: Disabled
 Parallel Workers: 8
 Concurrent Workers: 2
 Concurrent Refinement Workers: 8
 Periodic GC: Disabled
Heap:
 garbage-first heap   total 286720K, used 205617K [0x0000000700000000, 0x0000000800000000)
  region size 2048K, 19 young (38912K), 1 survivors (2048K)
 Metaspace       used 96306K, committed 98880K, reserved 1179648K
  class space    used 13238K, committed 14528K, reserved 1048576K
GC Heap History (20 events):
Event: 24.868 GC heap before
{Heap before GC invocations=36 (full 0):
 garbage-first heap   total 237568K, used 191424K [0x0000000700000000, 0x0000000800000000)
  region size 2048K, 51 young (104448K), 2 survivors (4096K)
 Metaspace       used 81579K, committed 83712K, reserved 1179648K
  class space    used 11121K, committed 12224K, reserved 1048576K
}
Event: 24.874 GC heap after
{Heap after GC invocations=37 (full 0):
 garbage-first heap   total 237568K, used 105008K [0x0000000700000000, 0x0000000800000000)
  region size 2048K, 7 young (14336K), 7 survivors (14336K)
 Metaspace       used 81579K, committed 83712K, reserved 1179648K
  class space    used 11121K, committed 12224K, reserved 1048576K
}
Event: 25.837 GC heap before
{Heap before GC invocations=37 (full 0):
 garbage-first heap   total 237568K, used 186928K [0x0000000700000000, 0x0000000800000000)
  region size 2048K, 47 young (96256K), 7 survivors (14336K)
 Metaspace       used 86557K, committed 88704K, reserved 1179648K
  class space    used 11951K, committed 13056K, reserved 1048576K
}
Event: 25.844 GC heap after
{Heap after GC invocations=38 (full 0):
 garbage-first heap   total 237568K, used 109753K [0x0000000700000000, 0x0000000800000000)
  region size 2048K, 2 young (4096K), 2 survivors (4096K)
 Metaspace       used 86557K, committed 88704K, reserved 1179648K
  class space    used 11951K, committed 13056K, reserved 1048576K
}
Event: 26.760 GC heap before
{Heap before GC invocations=38 (full 0):
 garbage-first heap   total 237568K, used 191673K [0x0000000700000000, 0x0000000800000000)
  region size 2048K, 42 young (86016K), 2 survivors (4096K)
 Metaspace       used 90277K, committed 92480K, reserved 1179648K
  class space    used 12482K, committed 13632K, reserved 1048576K
}
Event: 26.766 GC heap after
{Heap after GC invocations=39 (full 0):
 garbage-first heap   total 237568K, used 114974K [0x0000000700000000, 0x0000000800000000)
  region size 2048K, 5 young (10240K), 5 survivors (10240K)
 Metaspace       used 90277K, committed 92480K, reserved 1179648K
  class space    used 12482K, committed 13632K, reserved 1048576K
}
Event: 27.798 GC heap before
{Heap before GC invocations=39 (full 0):
 garbage-first heap   total 237568K, used 190750K [0x0000000700000000, 0x0000000800000000)
  region size 2048K, 42 young (86016K), 5 survivors (10240K)
 Metaspace       used 92869K, committed 95168K, reserved 1179648K
  class space    used 12874K, committed 14080K, reserved 1048576K
}
Event: 27.811 GC heap after
{Heap after GC invocations=40 (full 0):
 garbage-first heap   total 237568K, used 124121K [0x0000000700000000, 0x0000000800000000)
  region size 2048K, 6 young (12288K), 6 survivors (12288K)
 Metaspace       used 92869K, committed 95168K, reserved 1179648K
  class space    used 12874K, committed 14080K, reserved 1048576K
}
Event: 28.627 GC heap before
{Heap before GC invocations=40 (full 0):
 garbage-first heap   total 237568K, used 191705K [0x0000000700000000, 0x0000000800000000)
  region size 2048K, 39 young (79872K), 6 survivors (12288K)
 Metaspace       used 93677K, committed 96064K, reserved 1179648K
  class space    used 12955K, committed 14208K, reserved 1048576K
}
Event: 28.640 GC heap after
{Heap after GC invocations=41 (full 0):
 garbage-first heap   total 237568K, used 132729K [0x0000000700000000, 0x0000000800000000)
  region size 2048K, 4 young (8192K), 4 survivors (8192K)
 Metaspace       used 93677K, committed 96064K, reserved 1179648K
  class space    used 12955K, committed 14208K, reserved 1048576K
}
Event: 29.430 GC heap before
{Heap before GC invocations=41 (full 0):
 garbage-first heap   total 237568K, used 194169K [0x0000000700000000, 0x0000000800000000)
  region size 2048K, 34 young (69632K), 4 survivors (8192K)
 Metaspace       used 94204K, committed 96640K, reserved 1179648K
  class space    used 13019K, committed 14272K, reserved 1048576K
}
Event: 29.440 GC heap after
{Heap after GC invocations=42 (full 0):
 garbage-first heap   total 237568K, used 141440K [0x0000000700000000, 0x0000000800000000)
  region size 2048K, 5 young (10240K), 5 survivors (10240K)
 Metaspace       used 94204K, committed 96640K, reserved 1179648K
  class space    used 13019K, committed 14272K, reserved 1048576K
}
Event: 30.071 GC heap before
{Heap before GC invocations=42 (full 0):
 garbage-first heap   total 237568K, used 190592K [0x0000000700000000, 0x0000000800000000)
  region size 2048K, 30 young (61440K), 5 survivors (10240K)
 Metaspace       used 94526K, committed 97024K, reserved 1179648K
  class space    used 13061K, committed 14336K, reserved 1048576K
}
Event: 30.082 GC heap after
{Heap after GC invocations=43 (full 0):
 garbage-first heap   total 237568K, used 153793K [0x0000000700000000, 0x0000000800000000)
  region size 2048K, 4 young (8192K), 4 survivors (8192K)
 Metaspace       used 94526K, committed 97024K, reserved 1179648K
  class space    used 13061K, committed 14336K, reserved 1048576K
}
Event: 30.499 GC heap before
{Heap before GC invocations=43 (full 0):
 garbage-first heap   total 237568K, used 190657K [0x0000000700000000, 0x0000000800000000)
  region size 2048K, 22 young (45056K), 4 survivors (8192K)
 Metaspace       used 94747K, committed 97280K, reserved 1179648K
  class space    used 13087K, committed 14400K, reserved 1048576K
}
Event: 30.505 GC heap after
{Heap after GC invocations=44 (full 0):
 garbage-first heap   total 286720K, used 160361K [0x0000000700000000, 0x0000000800000000)
  region size 2048K, 3 young (6144K), 3 survivors (6144K)
 Metaspace       used 94747K, committed 97280K, reserved 1179648K
  class space    used 13087K, committed 14400K, reserved 1048576K
}
Event: 31.379 GC heap before
{Heap before GC invocations=44 (full 0):
 garbage-first heap   total 286720K, used 229993K [0x0000000700000000, 0x0000000800000000)
  region size 2048K, 37 young (75776K), 3 survivors (6144K)
 Metaspace       used 95747K, committed 98368K, reserved 1179648K
  class space    used 13226K, committed 14528K, reserved 1048576K
}
Event: 31.389 GC heap after
{Heap after GC invocations=45 (full 0):
 garbage-first heap   total 286720K, used 168688K [0x0000000700000000, 0x0000000800000000)
  region size 2048K, 5 young (10240K), 5 survivors (10240K)
 Metaspace       used 95747K, committed 98368K, reserved 1179648K
  class space    used 13226K, committed 14528K, reserved 1048576K
}
Event: 1932.067 GC heap before
{Heap before GC invocations=45 (full 0):
 garbage-first heap   total 286720K, used 232176K [0x0000000700000000, 0x0000000800000000)
  region size 2048K, 36 young (73728K), 5 survivors (10240K)
 Metaspace       used 96132K, committed 98752K, reserved 1179648K
  class space    used 13231K, committed 14528K, reserved 1048576K
}
Event: 1932.106 GC heap after
{Heap after GC invocations=46 (full 0):
 garbage-first heap   total 286720K, used 170801K [0x0000000700000000, 0x0000000800000000)
  region size 2048K, 1 young (2048K), 1 survivors (2048K)
 Metaspace       used 96132K, committed 98752K, reserved 1179648K
  class space    used 13231K, committed 14528K, reserved 1048576K
}

