# JRE version: Java(TM) SE Runtime Environment (19.0.1+10) (build 19.0.1+10-21)
# Java VM: Java HotSpot(TM) 64-Bit Server VM (19.0.1+10-21, mixed mode, sharing, tiered, compressed oops, compressed class ptrs, g1 gc, windows-amd64)
GC Precious Log:
 CardTable entry size: 512
 Card Set container configuration: InlinePtr #cards 4 size 8 Array Of Cards #cards 16 size 48 Howl #buckets 8 coarsen threshold 3686 Howl Bitmap #cards 512 size 80 coarsen threshold 460 Card regions per heap region 1 cards per card region 4096
 CPUs: 8 total, 8 available
 Memory: 7941M
 Large Page Support: Disabled
 NUMA Support: Disabled
 Compressed Oops: Enabled (Zero based)
 Heap Region Size: 2M
 Heap Min Capacity: 8M
 Heap Initial Capacity: 126M
 Heap Max Capacity: 4G
 Pre-touch: Disabled
 Parallel Workers: 8
 Concurrent Workers: 2
 Concurrent Refinement Workers: 8
 Periodic GC: Disabled
Heap:
 garbage-first heap   total 632832K, used 458752K [0x0000000700000000, 0x0000000800000000)
  region size 2048K, 66 young (135168K), 12 survivors (24576K)
 Metaspace       used 179450K, committed 182656K, reserved 1245184K
  class space    used 22725K, committed 24320K, reserved 1048576K
GC Heap History (20 events):
Event: 58.678 GC heap before
{Heap before GC invocations=59 (full 0):
 garbage-first heap   total 401408K, used 337405K [0x0000000700000000, 0x0000000800000000)
  region size 2048K, 42 young (86016K), 6 survivors (12288K)
 Metaspace       used 167982K, committed 171008K, reserved 1245184K
  class space    used 21282K, committed 22784K, reserved 1048576K
}
Event: 58.686 GC heap after
{Heap after GC invocations=60 (full 0):
 garbage-first heap   total 401408K, used 274912K [0x0000000700000000, 0x0000000800000000)
  region size 2048K, 5 young (10240K), 5 survivors (10240K)
 Metaspace       used 167982K, committed 171008K, reserved 1245184K
  class space    used 21282K, committed 22784K, reserved 1048576K
}
Event: 59.230 GC heap before
{Heap before GC invocations=60 (full 0):
 garbage-first heap   total 401408K, used 334304K [0x0000000700000000, 0x0000000800000000)
  region size 2048K, 35 young (71680K), 5 survivors (10240K)
 Metaspace       used 168291K, committed 171328K, reserved 1245184K
  class space    used 21327K, committed 22848K, reserved 1048576K
}
Event: 59.236 GC heap after
{Heap after GC invocations=61 (full 0):
 garbage-first heap   total 401408K, used 283482K [0x0000000700000000, 0x0000000800000000)
  region size 2048K, 4 young (8192K), 4 survivors (8192K)
 Metaspace       used 168291K, committed 171328K, reserved 1245184K
  class space    used 21327K, committed 22848K, reserved 1048576K
}
Event: 59.265 GC heap before
{Heap before GC invocations=61 (full 0):
 garbage-first heap   total 401408K, used 293722K [0x0000000700000000, 0x0000000800000000)
  region size 2048K, 10 young (20480K), 4 survivors (8192K)
 Metaspace       used 168295K, committed 171328K, reserved 1245184K
  class space    used 21327K, committed 22848K, reserved 1048576K
}
Event: 59.269 GC heap after
{Heap after GC invocations=62 (full 0):
 garbage-first heap   total 401408K, used 283720K [0x0000000700000000, 0x0000000800000000)
  region size 2048K, 1 young (2048K), 1 survivors (2048K)
 Metaspace       used 168295K, committed 171328K, reserved 1245184K
  class space    used 21327K, committed 22848K, reserved 1048576K
}
Event: 59.910 GC heap before
{Heap before GC invocations=63 (full 0):
 garbage-first heap   total 526336K, used 341064K [0x0000000700000000, 0x0000000800000000)
  region size 2048K, 29 young (59392K), 1 survivors (2048K)
 Metaspace       used 168078K, committed 171520K, reserved 1245184K
  class space    used 21241K, committed 22848K, reserved 1048576K
}
Event: 59.917 GC heap after
{Heap after GC invocations=64 (full 0):
 garbage-first heap   total 526336K, used 287351K [0x0000000700000000, 0x0000000800000000)
  region size 2048K, 3 young (6144K), 3 survivors (6144K)
 Metaspace       used 168078K, committed 171520K, reserved 1245184K
  class space    used 21241K, committed 22848K, reserved 1048576K
}
Event: 60.088 GC heap before
{Heap before GC invocations=64 (full 0):
 garbage-first heap   total 526336K, used 305783K [0x0000000700000000, 0x0000000800000000)
  region size 2048K, 12 young (24576K), 3 survivors (6144K)
 Metaspace       used 168122K, committed 171520K, reserved 1245184K
  class space    used 21251K, committed 22848K, reserved 1048576K
}
Event: 60.095 GC heap after
{Heap after GC invocations=65 (full 0):
 garbage-first heap   total 526336K, used 273244K [0x0000000700000000, 0x0000000800000000)
  region size 2048K, 1 young (2048K), 1 survivors (2048K)
 Metaspace       used 168122K, committed 171520K, reserved 1245184K
  class space    used 21251K, committed 22848K, reserved 1048576K
}
Event: 61.697 GC heap before
{Heap before GC invocations=65 (full 0):
 garbage-first heap   total 526336K, used 424796K [0x0000000700000000, 0x0000000800000000)
  region size 2048K, 76 young (155648K), 1 survivors (2048K)
 Metaspace       used 169533K, committed 172608K, reserved 1245184K
  class space    used 21476K, committed 22976K, reserved 1048576K
}
Event: 61.708 GC heap after
{Heap after GC invocations=66 (full 0):
 garbage-first heap   total 526336K, used 282748K [0x0000000700000000, 0x0000000800000000)
  region size 2048K, 9 young (18432K), 9 survivors (18432K)
 Metaspace       used 169533K, committed 172608K, reserved 1245184K
  class space    used 21476K, committed 22976K, reserved 1048576K
}
Event: 63.759 GC heap before
{Heap before GC invocations=66 (full 0):
 garbage-first heap   total 526336K, used 428156K [0x0000000700000000, 0x0000000800000000)
  region size 2048K, 80 young (163840K), 9 survivors (18432K)
 Metaspace       used 177324K, committed 180544K, reserved 1245184K
  class space    used 22518K, committed 24128K, reserved 1048576K
}
Event: 63.776 GC heap after
{Heap after GC invocations=67 (full 0):
 garbage-first heap   total 526336K, used 293861K [0x0000000700000000, 0x0000000800000000)
  region size 2048K, 6 young (12288K), 6 survivors (12288K)
 Metaspace       used 177324K, committed 180544K, reserved 1245184K
  class space    used 22518K, committed 24128K, reserved 1048576K
}
Event: 65.089 GC heap before
{Heap before GC invocations=67 (full 0):
 garbage-first heap   total 526336K, used 433125K [0x0000000700000000, 0x0000000800000000)
  region size 2048K, 74 young (151552K), 6 survivors (12288K)
 Metaspace       used 178016K, committed 181248K, reserved 1245184K
  class space    used 22575K, committed 24192K, reserved 1048576K
}
Event: 65.118 GC heap after
{Heap after GC invocations=68 (full 0):
 garbage-first heap   total 526336K, used 321132K [0x0000000700000000, 0x0000000800000000)
  region size 2048K, 10 young (20480K), 10 survivors (20480K)
 Metaspace       used 178016K, committed 181248K, reserved 1245184K
  class space    used 22575K, committed 24192K, reserved 1048576K
}
Event: 140.319 GC heap before
{Heap before GC invocations=68 (full 0):
 garbage-first heap   total 526336K, used 427628K [0x0000000700000000, 0x0000000800000000)
  region size 2048K, 63 young (129024K), 10 survivors (20480K)
 Metaspace       used 179068K, committed 182272K, reserved 1245184K
  class space    used 22710K, committed 24320K, reserved 1048576K
}
Event: 140.370 GC heap after
{Heap after GC invocations=69 (full 0):
 garbage-first heap   total 632832K, used 332902K [0x0000000700000000, 0x0000000800000000)
  region size 2048K, 6 young (12288K), 6 survivors (12288K)
 Metaspace       used 179068K, committed 182272K, reserved 1245184K
  class space    used 22710K, committed 24320K, reserved 1048576K
}
Event: 145.507 GC heap before
{Heap before GC invocations=69 (full 0):
 garbage-first heap   total 632832K, used 502886K [0x0000000700000000, 0x0000000800000000)
  region size 2048K, 89 young (182272K), 6 survivors (12288K)
 Metaspace       used 179304K, committed 182528K, reserved 1245184K
  class space    used 22713K, committed 24320K, reserved 1048576K
}
Event: 145.535 GC heap after
{Heap after GC invocations=70 (full 0):
 garbage-first heap   total 632832K, used 350208K [0x0000000700000000, 0x0000000800000000)
  region size 2048K, 12 young (24576K), 12 survivors (24576K)
 Metaspace       used 179304K, committed 182528K, reserved 1245184K
  class space    used 22713K, committed 24320K, reserved 1048576K
}

